2024-06-24 18:08:06,499 p=3444395 u=upszot n=ansible | [WARNING]: A duplicate localhost-like entry was found (localhost). First found localhost was 127.0.0.1

2024-06-24 18:08:06,598 p=3444395 u=upszot n=ansible | PLAY [all] **********************************************************************************************************************************************************************************************************************************
2024-06-24 18:08:06,609 p=3444395 u=upszot n=ansible | TASK [Gathering Facts] **********************************************************************************************************************************************************************************************************************
2024-06-24 18:08:07,746 p=3444395 u=upszot n=ansible | ok: [localhost]
2024-06-24 18:08:07,775 p=3444395 u=upszot n=ansible | TASK [include_role : 2do_parcial] ***********************************************************************************************************************************************************************************************************
2024-06-24 18:08:07,805 p=3444395 u=upszot n=ansible | TASK [2do_parcial : debug] ******************************************************************************************************************************************************************************************************************
2024-06-24 18:08:07,817 p=3444395 u=upszot n=ansible | ok: [localhost] => {
    "msg": "Tareas del 2do Parcial"
}
2024-06-24 18:08:07,836 p=3444395 u=upszot n=ansible | TASK [Otra tarea] ***************************************************************************************************************************************************************************************************************************
2024-06-24 18:08:07,851 p=3444395 u=upszot n=ansible | ok: [localhost] => {
    "msg": "Despues de la ejecucion del rol"
}
2024-06-24 18:08:07,885 p=3444395 u=upszot n=ansible | PLAY RECAP **********************************************************************************************************************************************************************************************************************************
2024-06-24 18:08:07,885 p=3444395 u=upszot n=ansible | localhost                  : ok=3    changed=0    unreachable=0    failed=0    skipped=0    rescued=0    ignored=0   
2026-06-24 02:04:42,944 p=11602 u=vagrant n=ansible | [WARNING]: Unable to parse /home/vagrant/UTN-FRA_SO_Examenes/202406/ansible/hosts as an inventory source

2026-06-24 02:04:42,945 p=11602 u=vagrant n=ansible | [WARNING]: No inventory was parsed, only implicit localhost is available

2026-06-24 02:04:42,948 p=11602 u=vagrant n=ansible | [WARNING]: provided hosts list is empty, only localhost is available. Note that the implicit localhost does not match 'all'

2026-06-24 02:04:43,095 p=11602 u=vagrant n=ansible | PLAY [all] ********************************************************************************************************************************************************************************************************************************************************************
2026-06-24 02:04:43,095 p=11602 u=vagrant n=ansible | skipping: no hosts matched
2026-06-24 02:04:43,095 p=11602 u=vagrant n=ansible | PLAY RECAP ********************************************************************************************************************************************************************************************************************************************************************
2026-06-24 02:06:14,762 p=11610 u=root n=ansible | PLAY [all] ********************************************************************************************************************************************************************************************************************************************************************
2026-06-24 02:06:14,772 p=11610 u=root n=ansible | TASK [Gathering Facts] ********************************************************************************************************************************************************************************************************************************************************
2026-06-24 02:06:15,831 p=11610 u=root n=ansible | ok: [localhost]
2026-06-24 02:06:15,839 p=11610 u=root n=ansible | TASK [include_role : 2do_parcial] *********************************************************************************************************************************************************************************************************************************************
2026-06-24 02:06:15,865 p=11610 u=root n=ansible | TASK [2do_parcial : Crear directorios del parcial] ****************************************************************************************************************************************************************************************************************************
2026-06-24 02:06:16,122 p=11610 u=root n=ansible | changed: [localhost] => (item=/tmp/2do_parcial/alumno)
2026-06-24 02:06:16,274 p=11610 u=root n=ansible | changed: [localhost] => (item=/tmp/2do_parcial/equipo)
2026-06-24 02:06:16,280 p=11610 u=root n=ansible | TASK [2do_parcial : Generar datos_alumno.txt desde template] ******************************************************************************************************************************************************************************************************************
2026-06-24 02:06:16,722 p=11610 u=root n=ansible | changed: [localhost]
2026-06-24 02:06:16,726 p=11610 u=root n=ansible | TASK [2do_parcial : Generar datos_equipo.txt desde template] ******************************************************************************************************************************************************************************************************************
2026-06-24 02:06:17,014 p=11610 u=root n=ansible | changed: [localhost]
2026-06-24 02:06:17,019 p=11610 u=root n=ansible | TASK [2do_parcial : Configurar sudoers para 2PSupervisores] *******************************************************************************************************************************************************************************************************************
2026-06-24 02:06:17,312 p=11610 u=root n=ansible | changed: [localhost]
2026-06-24 02:06:17,317 p=11610 u=root n=ansible | TASK [Otra tarea] *************************************************************************************************************************************************************************************************************************************************************
2026-06-24 02:06:17,328 p=11610 u=root n=ansible | ok: [localhost] => {
    "msg": "Despues de la ejecucion del rol"
}
2026-06-24 02:06:17,338 p=11610 u=root n=ansible | PLAY RECAP ********************************************************************************************************************************************************************************************************************************************************************
2026-06-24 02:06:17,338 p=11610 u=root n=ansible | localhost                  : ok=6    changed=4    unreachable=0    failed=0    skipped=0    rescued=0    ignored=0   
